Arguments: 
  /usr/local/Cellar/node/18.8.0_1/bin/node /usr/local/Cellar/yarn/1.22.19/libexec/bin/yarn.js add -D @types/node

PATH: 
  /Users/rgs/miniconda3/bin:/Users/rgs/miniconda3/condabin:/Users/rgs/.rbenv/shims:/usr/local/bin:/usr/bin:/bin:/usr/sbin:/sbin:/Library/TeX/texbin:/usr/local/go/bin:/usr/local/share/dotnet:/opt/X11/bin:~/.dotnet/tools:/Library/Apple/usr/bin:/Library/Frameworks/Mono.framework/Versions/Current/Commands

Yarn version: 
  1.22.19

Node version: 
  18.8.0

Platform: 
  darwin x64

Trace: 
  SyntaxError: /Users/rgs/c-slang/package.json: Unexpected token } in JSON at position 225
      at JSON.parse (<anonymous>)
      at /usr/local/Cellar/yarn/1.22.19/libexec/lib/cli.js:1629:59
      at Generator.next (<anonymous>)
      at step (/usr/local/Cellar/yarn/1.22.19/libexec/lib/cli.js:310:30)
      at /usr/local/Cellar/yarn/1.22.19/libexec/lib/cli.js:321:13

npm manifest: 
  {
    "name": "c-slang",
    "version": "1.0.0",
    "main": "dist/index",
    "repository": "git@github.com:CS4215-GN-IY/c-slang.git",
    "license": "MIT",
    "dependencies": {},
    "devDependencies": {
      "typescript": "^4.9.5"
    },
  }

yarn manifest: 
  No manifest

Lockfile: 
  # THIS IS AN AUTOGENERATED FILE. DO NOT EDIT THIS FILE DIRECTLY.
  # yarn lockfile v1
  
  
  typescript@^4.9.5:
    version "4.9.5"
    resolved "https://registry.yarnpkg.com/typescript/-/typescript-4.9.5.tgz#095979f9bcc0d09da324d58d03ce8f8374cbe65a"
    integrity sha512-1FXk9E2Hm+QzZQ7z+McJiHL4NW1F2EzMu9Nq9i3zAaGqibafqYwCVU6WyWAuyQRRzOlxou8xZSyXLEN8oKj24g==
